FATAL [Thread-17] 2018-07-03 15:22:47,302 repast.simphony.ui.GUIScheduleRunner - RunTimeException when running the schedule
Current tick (38.0)
java.lang.IndexOutOfBoundsException: Index 0 out-of-bounds for length 0
	at java.base/jdk.internal.util.Preconditions.outOfBounds(Unknown Source)
	at java.base/jdk.internal.util.Preconditions.outOfBoundsCheckIndex(Unknown Source)
	at java.base/jdk.internal.util.Preconditions.checkIndex(Unknown Source)
	at java.base/java.util.Objects.checkIndex(Unknown Source)
	at java.base/java.util.ArrayList.get(Unknown Source)
	at repast.simphony.visualizationOGL2D.SpatialWrapper.getChild(SpatialWrapper.java:69)
	at repast.simphony.visualizationOGL2D.StyledDisplayLayerOGL2D.updateSpatial(StyledDisplayLayerOGL2D.java:118)
	at repast.simphony.visualizationOGL2D.StyledDisplayLayerOGL2D.updateSpatial(StyledDisplayLayerOGL2D.java:212)
	at repast.simphony.visualizationOGL2D.StyledDisplayLayerOGL2D.updateExistingSpatials(StyledDisplayLayerOGL2D.java:181)
	at repast.simphony.visualizationOGL2D.StyledDisplayLayerOGL2D.update(StyledDisplayLayerOGL2D.java:249)
	at repast.simphony.visualizationOGL2D.DisplayOGL2D.update(DisplayOGL2D.java:406)
	at repast.simphony.visualization.engine.DisplayComponentControllerAction$DisplayUpdater.execute(DisplayComponentControllerAction.java:44)
	at repast.simphony.engine.schedule.DefaultAction.execute(DefaultAction.java:38)
	at repast.simphony.engine.schedule.ScheduleGroup.executeList(ScheduleGroup.java:205)
	at repast.simphony.engine.schedule.ScheduleGroup.execute(ScheduleGroup.java:238)
	at repast.simphony.engine.schedule.Schedule.execute(Schedule.java:352)
	at repast.simphony.ui.GUIScheduleRunner$ScheduleLoopRunnable.run(GUIScheduleRunner.java:52)
	at java.base/java.lang.Thread.run(Unknown Source)
FATAL [Thread-85] 2018-07-03 15:37:03,394 repast.simphony.ui.GUIScheduleRunner - RunTimeException when running the schedule
Current tick (30.0)
java.lang.IndexOutOfBoundsException: Index 0 out-of-bounds for length 0
	at java.base/jdk.internal.util.Preconditions.outOfBounds(Unknown Source)
	at java.base/jdk.internal.util.Preconditions.outOfBoundsCheckIndex(Unknown Source)
	at java.base/jdk.internal.util.Preconditions.checkIndex(Unknown Source)
	at java.base/java.util.Objects.checkIndex(Unknown Source)
	at java.base/java.util.ArrayList.get(Unknown Source)
	at repast.simphony.visualizationOGL2D.SpatialWrapper.getChild(SpatialWrapper.java:69)
	at repast.simphony.visualizationOGL2D.StyledDisplayLayerOGL2D.updateSpatial(StyledDisplayLayerOGL2D.java:118)
	at repast.simphony.visualizationOGL2D.StyledDisplayLayerOGL2D.updateSpatial(StyledDisplayLayerOGL2D.java:212)
	at repast.simphony.visualizationOGL2D.StyledDisplayLayerOGL2D.updateExistingSpatials(StyledDisplayLayerOGL2D.java:181)
	at repast.simphony.visualizationOGL2D.StyledDisplayLayerOGL2D.update(StyledDisplayLayerOGL2D.java:249)
	at repast.simphony.visualizationOGL2D.DisplayOGL2D.update(DisplayOGL2D.java:406)
	at repast.simphony.visualization.engine.DisplayComponentControllerAction$DisplayUpdater.execute(DisplayComponentControllerAction.java:44)
	at repast.simphony.engine.schedule.DefaultAction.execute(DefaultAction.java:38)
	at repast.simphony.engine.schedule.ScheduleGroup.executeList(ScheduleGroup.java:205)
	at repast.simphony.engine.schedule.ScheduleGroup.execute(ScheduleGroup.java:238)
	at repast.simphony.engine.schedule.Schedule.execute(Schedule.java:352)
	at repast.simphony.ui.GUIScheduleRunner$ScheduleLoopRunnable.run(GUIScheduleRunner.java:52)
	at java.base/java.lang.Thread.run(Unknown Source)
FATAL [Thread-101] 2018-07-03 15:40:24,824 repast.simphony.ui.GUIScheduleRunner - RunTimeException when running the schedule
Current tick (26.0)
java.lang.IndexOutOfBoundsException: Index 0 out-of-bounds for length 0
	at java.base/jdk.internal.util.Preconditions.outOfBounds(Unknown Source)
	at java.base/jdk.internal.util.Preconditions.outOfBoundsCheckIndex(Unknown Source)
	at java.base/jdk.internal.util.Preconditions.checkIndex(Unknown Source)
	at java.base/java.util.Objects.checkIndex(Unknown Source)
	at java.base/java.util.ArrayList.get(Unknown Source)
	at repast.simphony.visualizationOGL2D.SpatialWrapper.getChild(SpatialWrapper.java:69)
	at repast.simphony.visualizationOGL2D.StyledDisplayLayerOGL2D.updateSpatial(StyledDisplayLayerOGL2D.java:118)
	at repast.simphony.visualizationOGL2D.StyledDisplayLayerOGL2D.updateSpatial(StyledDisplayLayerOGL2D.java:212)
	at repast.simphony.visualizationOGL2D.StyledDisplayLayerOGL2D.updateExistingSpatials(StyledDisplayLayerOGL2D.java:181)
	at repast.simphony.visualizationOGL2D.StyledDisplayLayerOGL2D.update(StyledDisplayLayerOGL2D.java:249)
	at repast.simphony.visualizationOGL2D.DisplayOGL2D.update(DisplayOGL2D.java:406)
	at repast.simphony.visualization.engine.DisplayComponentControllerAction$DisplayUpdater.execute(DisplayComponentControllerAction.java:44)
	at repast.simphony.engine.schedule.DefaultAction.execute(DefaultAction.java:38)
	at repast.simphony.engine.schedule.ScheduleGroup.executeList(ScheduleGroup.java:205)
	at repast.simphony.engine.schedule.ScheduleGroup.execute(ScheduleGroup.java:238)
	at repast.simphony.engine.schedule.Schedule.execute(Schedule.java:352)
	at repast.simphony.ui.GUIScheduleRunner$ScheduleLoopRunnable.run(GUIScheduleRunner.java:52)
	at java.base/java.lang.Thread.run(Unknown Source)
FATAL [Thread-219] 2018-07-03 16:05:10,676 repast.simphony.ui.GUIScheduleRunner - RunTimeException when running the schedule
Current tick (30.0)
java.lang.IndexOutOfBoundsException: Index 0 out-of-bounds for length 0
	at java.base/jdk.internal.util.Preconditions.outOfBounds(Unknown Source)
	at java.base/jdk.internal.util.Preconditions.outOfBoundsCheckIndex(Unknown Source)
	at java.base/jdk.internal.util.Preconditions.checkIndex(Unknown Source)
	at java.base/java.util.Objects.checkIndex(Unknown Source)
	at java.base/java.util.ArrayList.get(Unknown Source)
	at repast.simphony.visualizationOGL2D.SpatialWrapper.getChild(SpatialWrapper.java:69)
	at repast.simphony.visualizationOGL2D.StyledDisplayLayerOGL2D.updateSpatial(StyledDisplayLayerOGL2D.java:118)
	at repast.simphony.visualizationOGL2D.StyledDisplayLayerOGL2D.updateSpatial(StyledDisplayLayerOGL2D.java:212)
	at repast.simphony.visualizationOGL2D.StyledDisplayLayerOGL2D.updateExistingSpatials(StyledDisplayLayerOGL2D.java:181)
	at repast.simphony.visualizationOGL2D.StyledDisplayLayerOGL2D.update(StyledDisplayLayerOGL2D.java:249)
	at repast.simphony.visualizationOGL2D.DisplayOGL2D.update(DisplayOGL2D.java:406)
	at repast.simphony.visualization.engine.DisplayComponentControllerAction$DisplayUpdater.execute(DisplayComponentControllerAction.java:44)
	at repast.simphony.engine.schedule.DefaultAction.execute(DefaultAction.java:38)
	at repast.simphony.engine.schedule.ScheduleGroup.executeList(ScheduleGroup.java:205)
	at repast.simphony.engine.schedule.ScheduleGroup.execute(ScheduleGroup.java:238)
	at repast.simphony.engine.schedule.Schedule.execute(Schedule.java:352)
	at repast.simphony.ui.GUIScheduleRunner$ScheduleLoopRunnable.run(GUIScheduleRunner.java:52)
	at java.base/java.lang.Thread.run(Unknown Source)
FATAL [Thread-296] 2018-07-03 16:21:20,199 repast.simphony.ui.GUIScheduleRunner - RunTimeException when running the schedule
Current tick (18.0)
java.lang.IndexOutOfBoundsException: Index 0 out-of-bounds for length 0
	at java.base/jdk.internal.util.Preconditions.outOfBounds(Unknown Source)
	at java.base/jdk.internal.util.Preconditions.outOfBoundsCheckIndex(Unknown Source)
	at java.base/jdk.internal.util.Preconditions.checkIndex(Unknown Source)
	at java.base/java.util.Objects.checkIndex(Unknown Source)
	at java.base/java.util.ArrayList.get(Unknown Source)
	at repast.simphony.visualizationOGL2D.SpatialWrapper.getChild(SpatialWrapper.java:69)
	at repast.simphony.visualizationOGL2D.StyledDisplayLayerOGL2D.updateSpatial(StyledDisplayLayerOGL2D.java:118)
	at repast.simphony.visualizationOGL2D.StyledDisplayLayerOGL2D.updateSpatial(StyledDisplayLayerOGL2D.java:212)
	at repast.simphony.visualizationOGL2D.StyledDisplayLayerOGL2D.updateExistingSpatials(StyledDisplayLayerOGL2D.java:181)
	at repast.simphony.visualizationOGL2D.StyledDisplayLayerOGL2D.update(StyledDisplayLayerOGL2D.java:249)
	at repast.simphony.visualizationOGL2D.DisplayOGL2D.update(DisplayOGL2D.java:406)
	at repast.simphony.visualization.engine.DisplayComponentControllerAction$DisplayUpdater.execute(DisplayComponentControllerAction.java:44)
	at repast.simphony.engine.schedule.DefaultAction.execute(DefaultAction.java:38)
	at repast.simphony.engine.schedule.ScheduleGroup.executeList(ScheduleGroup.java:205)
	at repast.simphony.engine.schedule.ScheduleGroup.execute(ScheduleGroup.java:238)
	at repast.simphony.engine.schedule.Schedule.execute(Schedule.java:352)
	at repast.simphony.ui.GUIScheduleRunner$ScheduleLoopRunnable.run(GUIScheduleRunner.java:52)
	at java.base/java.lang.Thread.run(Unknown Source)
